
PLAY [Install Clickhouse] ******************************************************

TASK [Gathering Facts] *********************************************************
ok: [clickhouse-01]

TASK [Get download packages] ***************************************************
changed: [clickhouse-01] => (item=clickhouse-client)
changed: [clickhouse-01] => (item=clickhouse-server)
failed: [clickhouse-01] (item=clickhouse-common-static) => {"ansible_loop_var": "item", "changed": false, "dest": "./clickhouse-common-static-22.3.3.44.rpm", "elapsed": 0, "item": "clickhouse-common-static", "msg": "Request failed", "response": "HTTP Error 404: Not Found", "status_code": 404, "url": "https://packages.clickhouse.com/rpm/stable/clickhouse-common-static-22.3.3.44.noarch.rpm"}

TASK [Clickhouse | Rescue | Get download clickhouse-common-static package] *****
changed: [clickhouse-01]

TASK [Clickhouse | Install clickhouse packages] ********************************
changed: [clickhouse-01]

TASK [Clickhouse | Listen on * addr] *******************************************
--- before: /etc/clickhouse-server/config.xml
+++ after: /etc/clickhouse-server/config.xml
@@ -180,7 +180,7 @@
 
 
     <!-- Same for hosts without support for IPv6: -->
-    <!-- <listen_host>0.0.0.0</listen_host> -->
+    <listen_host>0.0.0.0</listen_host>
 
     <!-- Default values - try listen localhost on IPv4 and IPv6. -->
     <!--

changed: [clickhouse-01]

TASK [Clickhouse | Flush handlers] *********************************************

RUNNING HANDLER [Clickhouse | Start clickhouse service] ************************
changed: [clickhouse-01]

TASK [Clickhouse | Create database] ********************************************
changed: [clickhouse-01]

TASK [Clickhouse | Create table] ***********************************************
ok: [clickhouse-01]

PLAY [Install Vector] **********************************************************

TASK [Gathering Facts] *********************************************************
ok: [vector01]

TASK [Vector | Create Vector group] ********************************************
changed: [vector01]

TASK [Vector | Create Vector user] *********************************************
changed: [vector01]

TASK [Vector | Create directory for Vector] ************************************
--- before
+++ after
@@ -1,5 +1,5 @@
 {
-    "mode": "0755",
+    "mode": "0777",
     "path": "/opt/vector",
-    "state": "absent"
+    "state": "directory"
 }

changed: [vector01]

TASK [Vector | Extract archive] ************************************************
changed: [vector01]

TASK [Vector | Create Vector config] *******************************************
--- before
+++ after: /home/user/.ansible/tmp/ansible-local-7452_5vjv4a3/tmpwuk9gz_9/vector.yml.j2
@@ -0,0 +1,15 @@
+data_dir: /opt/vector
+sources:
+  dmesg_log:
+    type: file
+    include:
+      - /var/log/dmesg
+sinks:
+  click:
+    type: clickhouse
+    inputs:
+      - dmesg_log
+    compression: gzip
+    database: logs
+    endpoint: http://84.201.158.237:8123
+    table: mytable

changed: [vector01]

TASK [Vector | Create Vector service] ******************************************
--- before
+++ after: /home/user/ansible-practice/netology/08-ansible-03-yandex/playbook/templates/vector.service
@@ -0,0 +1,23 @@
+[Unit]
+Description=Vector
+Documentation=https://vector.dev
+After=network-online.target
+Requires=network-online.target
+
+[Service]
+User=vector
+Group=vector
+ExecStartPre=/opt/vector/bin/vector validate --config-yaml /opt/vector/config/custom_config.yml
+ExecStart=/opt/vector/bin/vector --config-yaml /opt/vector/config/custom_config.yml -w
+ExecReload=/opt/vector/bin/vector validate --config-yaml /opt/vector/config/custom_config.yml
+ExecReload=/opt/vector/bin/vector -HUP $MAINPID
+Restart=always
+AmbientCapabilities=CAP_NET_BIND_SERVICE
+EnvironmentFile=-/etc/default/vector
+# Since systemd 229, should be in [Unit] but in order to support systemd <229,
+# it is also supported to have it here.
+StartLimitInterval=10
+StartLimitBurst=5
+
+[Install]
+WantedBy=multi-user.target

changed: [vector01]

RUNNING HANDLER [Vector | Run vector as a daemon] ******************************
changed: [vector01]

PLAY [Install lighthouse] ******************************************************

TASK [Gathering Facts] *********************************************************
ok: [lighthouse01]

TASK [Lighthouse | Install git and nginx] **************************************
changed: [lighthouse01]

TASK [Lighthouse | Create lighthouse config] ***********************************
--- before
+++ after: /home/user/.ansible/tmp/ansible-local-7452_5vjv4a3/tmp8add7g8q/lighthouse-nginx.conf.j2
@@ -0,0 +1,5 @@
+server {
+    listen 80;
+    root   /opt/lighthouse;
+    index  index.html;
+}
\ No newline at end of file

changed: [lighthouse01]

TASK [Lighthouse | Reload nginx] ***********************************************
changed: [lighthouse01]

TASK [Lighthouse | Clone lighthouse repo] **************************************
>> Newly checked out d701335c25cd1bb9b5155711190bad8ab852c2ce
changed: [lighthouse01]

PLAY RECAP *********************************************************************
clickhouse-01              : ok=7    changed=5    unreachable=0    failed=0    skipped=0    rescued=1    ignored=0   
lighthouse01               : ok=5    changed=4    unreachable=0    failed=0    skipped=0    rescued=0    ignored=0   
vector01                   : ok=8    changed=7    unreachable=0    failed=0    skipped=0    rescued=0    ignored=0   

